<?xml version="1.0" encoding="UTF-8"?>
<!-- Generated by org.testng.reporters.JUnitReportReporter -->
<testsuite hostname="Asus_Vivobook14" failures="0" tests="3" name="com.simplilearn.webapptest.StandardAnnotationTest" time="0.043" errors="0" timestamp="2022-05-09T15:36:39 IST" skipped="0">
  <testcase classname="com.simplilearn.webapptest.StandardAnnotationTest" name="testThree" time="0.007"/>
  <system-out/>
  <testcase classname="com.simplilearn.webapptest.StandardAnnotationTest" name="testFour" time="0.008"/>
  <system-out/>
  <testcase classname="com.simplilearn.webapptest.StandardAnnotationTest" name="testFive" time="0.028"/>
  <system-out/>
</testsuite> <!-- com.simplilearn.webapptest.StandardAnnotationTest -->
