<?xml version="1.0" encoding="UTF-8"?>
<!-- Generated by org.testng.reporters.JUnitReportReporter -->
<testsuite hostname="Asus_Vivobook14" failures="0" tests="2" name="com.simplilearn.webapptest.amazon.AmazonNavigationTest" time="26.617" errors="0" timestamp="2022-05-09T19:47:03 IST" skipped="0">
  <testcase classname="com.simplilearn.webapptest.amazon.AmazonNavigationTest" name="amazonNavTest01" time="11.295"/>
  <system-out/>
  <testcase classname="com.simplilearn.webapptest.amazon.AmazonNavigationTest" name="amazonNavTest02" time="15.322"/>
  <system-out/>
</testsuite> <!-- com.simplilearn.webapptest.amazon.AmazonNavigationTest -->
