<?xml version="1.0" encoding="UTF-8"?>
<!-- Generated by org.testng.reporters.JUnitReportReporter -->
<testsuite hostname="Asus_Vivobook14" failures="0" tests="3" name="com.simplilearn.webapptest.StandardAnnotationTest" time="0.028" errors="0" timestamp="2022-05-09T21:48:34 IST" skipped="0">
  <testcase classname="com.simplilearn.webapptest.StandardAnnotationTest" name="testThree" time="0.005"/>
  <system-out/>
  <testcase classname="com.simplilearn.webapptest.StandardAnnotationTest" name="testFour" time="0.005"/>
  <system-out/>
  <testcase classname="com.simplilearn.webapptest.StandardAnnotationTest" name="testFive" time="0.018"/>
  <system-out/>
</testsuite> <!-- com.simplilearn.webapptest.StandardAnnotationTest -->
