<?xml version="1.0" encoding="UTF-8"?>
<!-- Generated by org.testng.reporters.JUnitReportReporter -->
<testsuite hostname="Asus_Vivobook14" failures="0" tests="4" name="com.simplilearn.webapptest.amazon.AmazonHomePageTest" time="46.180" errors="0" timestamp="2022-05-09T19:47:03 IST" skipped="0">
  <testcase classname="com.simplilearn.webapptest.amazon.AmazonHomePageTest" name="amazonSearchProductTest2" time="14.576"/>
  <system-out/>
  <testcase classname="com.simplilearn.webapptest.amazon.AmazonHomePageTest" name="homePageurlTest" time="7.827"/>
  <system-out/>
  <testcase classname="com.simplilearn.webapptest.amazon.AmazonHomePageTest" name="homePageTitleTest" time="9.565"/>
  <system-out/>
  <testcase classname="com.simplilearn.webapptest.amazon.AmazonHomePageTest" name="amazonSearchProductTest1" time="14.212"/>
  <system-out/>
</testsuite> <!-- com.simplilearn.webapptest.amazon.AmazonHomePageTest -->
