<?xml version="1.0" encoding="UTF-8"?>
<!-- Generated by org.testng.reporters.JUnitReportReporter -->
<testsuite hostname="Asus_Vivobook14" failures="0" tests="4" name="com.simplilearn.webapptest.amazon.AmazonHomePageTest" time="48.520" errors="0" timestamp="2022-05-09T19:05:28 IST" skipped="0">
  <testcase classname="com.simplilearn.webapptest.amazon.AmazonHomePageTest" name="amazonSearchProductTest2" time="14.708"/>
  <system-out/>
  <testcase classname="com.simplilearn.webapptest.amazon.AmazonHomePageTest" name="homePageurlTest" time="12.226"/>
  <system-out/>
  <testcase classname="com.simplilearn.webapptest.amazon.AmazonHomePageTest" name="homePageTitleTest" time="9.727"/>
  <system-out/>
  <testcase classname="com.simplilearn.webapptest.amazon.AmazonHomePageTest" name="amazonSearchProductTest1" time="11.859"/>
  <system-out/>
</testsuite> <!-- com.simplilearn.webapptest.amazon.AmazonHomePageTest -->
